<?xml version="1.0" encoding="UTF-8"?>
<!-- Generated by org.testng.reporters.JUnitReportReporter -->
<testsuite hostname="DESKTOP-MEL0TQP" failures="0" tests="1" name="demo.PrintTest" time="0.009" errors="0" timestamp="2023-12-21T01:44:21 IST" skipped="0">
  <testcase classname="demo.PrintTest" name="printTest" time="0.009"/>
</testsuite> <!-- demo.PrintTest -->
